<?xml version="1.0" encoding="UTF-8"?>
<!-- Generated by org.testng.reporters.JUnitReportReporter -->
<testsuite skipped="0" hostname="New-PC" name="com.cognizant.tests.testScenario6.TC63_CheckSearchButton" tests="1" failures="0" timestamp="2020-06-24T11:43:23 IST" time="17.506" errors="0">
  <testcase name="fetchCruises" time="17.506" classname="com.cognizant.tests.testScenario6.TC63_CheckSearchButton"/>
</testsuite> <!-- com.cognizant.tests.testScenario6.TC63_CheckSearchButton -->
