<?xml version="1.0" encoding="UTF-8"?>
<!-- Generated by org.testng.reporters.JUnitReportReporter -->
<testsuite skipped="0" hostname="New-PC" name="com.cognizant.tests.testScenario6.TC63_CheckSearchButton" tests="1" failures="0" timestamp="2020-06-22T12:14:09 IST" time="15.955" errors="0">
  <testcase name="fetchCruises" time="15.955" classname="com.cognizant.tests.testScenario6.TC63_CheckSearchButton"/>
</testsuite> <!-- com.cognizant.tests.testScenario6.TC63_CheckSearchButton -->
