<?xml version="1.0" encoding="UTF-8"?>
<!-- Generated by org.testng.reporters.JUnitReportReporter -->
<testsuite skipped="0" hostname="New-PC" name="com.cognizant.tests.testScenario2.TC22_FetchHolidayHomesWithoutDates" tests="1" failures="0" timestamp="2020-06-23T16:22:17 IST" time="94.552" errors="0">
  <testcase name="fetchHolidayHomes" time="94.552" classname="com.cognizant.tests.testScenario2.TC22_FetchHolidayHomesWithoutDates"/>
</testsuite> <!-- com.cognizant.tests.testScenario2.TC22_FetchHolidayHomesWithoutDates -->
