<?xml version="1.0" encoding="UTF-8"?>
<!-- Generated by org.testng.reporters.JUnitReportReporter -->
<testsuite skipped="0" hostname="New-PC" name="com.cognizant.tests.testScenario6.TC61_CruiseButtonChecking" tests="1" failures="0" timestamp="2020-06-22T19:15:01 IST" time="7.539" errors="0">
  <testcase name="fetchCruises" time="7.539" classname="com.cognizant.tests.testScenario6.TC61_CruiseButtonChecking"/>
</testsuite> <!-- com.cognizant.tests.testScenario6.TC61_CruiseButtonChecking -->
