<?xml version="1.0" encoding="UTF-8"?>
<!-- Generated by org.testng.reporters.JUnitReportReporter -->
<testsuite skipped="0" hostname="New-PC" name="com.cognizant.tests.testScenario6.TC61_CruiseButtonChecking" tests="1" failures="0" timestamp="2020-06-23T22:53:38 IST" time="13.948" errors="0">
  <testcase name="fetchCruises" time="13.948" classname="com.cognizant.tests.testScenario6.TC61_CruiseButtonChecking"/>
</testsuite> <!-- com.cognizant.tests.testScenario6.TC61_CruiseButtonChecking -->
