<?xml version="1.0" encoding="UTF-8"?>
<!-- Generated by org.testng.reporters.JUnitReportReporter -->
<testsuite skipped="0" hostname="New-PC" name="com.cognizant.tests.testScenario6.TC62_CruiseDropdownChecking" tests="1" failures="0" timestamp="2020-06-21T13:05:48 IST" time="20.269" errors="0">
  <testcase name="fetchCruises" time="20.269" classname="com.cognizant.tests.testScenario6.TC62_CruiseDropdownChecking"/>
</testsuite> <!-- com.cognizant.tests.testScenario6.TC62_CruiseDropdownChecking -->
