<?xml version="1.0" encoding="UTF-8"?>
<!-- Generated by org.testng.reporters.JUnitReportReporter -->
<testsuite skipped="0" hostname="New-PC" name="com.cognizant.tests.testScenario1.TC11_CheckAutoSuggestion" tests="1" failures="0" timestamp="2020-06-19T21:41:04 IST" time="14.602" errors="0">
  <testcase name="fetchHolidayHomes" time="14.602" classname="com.cognizant.tests.testScenario1.TC11_CheckAutoSuggestion"/>
</testsuite> <!-- com.cognizant.tests.testScenario1.TC11_CheckAutoSuggestion -->
