<?xml version="1.0" encoding="UTF-8"?>
<!-- Generated by org.testng.reporters.JUnitReportReporter -->
<testsuite skipped="0" hostname="New-PC" name="com.cognizant.tests.testScenario6.TC64_FetchCruiseDetails" tests="2" failures="0" timestamp="2020-06-23T22:53:38 IST" time="70.109" errors="0">
  <testcase name="fetchCruises" time="36.996" classname="com.cognizant.tests.testScenario6.TC64_FetchCruiseDetails"/>
  <testcase name="fetchCruises" time="33.113" classname="com.cognizant.tests.testScenario6.TC64_FetchCruiseDetails"/>
</testsuite> <!-- com.cognizant.tests.testScenario6.TC64_FetchCruiseDetails -->
