<?xml version="1.0" encoding="UTF-8"?>
<!-- Generated by org.testng.reporters.JUnitReportReporter -->
<testsuite skipped="0" hostname="New-PC" name="com.cognizant.tests.testScenario6.TC64_FetchCruiseDetails" tests="2" failures="0" timestamp="2020-06-22T22:05:59 IST" time="115.374" errors="0">
  <testcase name="fetchCruises" time="42.527" classname="com.cognizant.tests.testScenario6.TC64_FetchCruiseDetails"/>
  <testcase name="fetchCruises" time="72.847" classname="com.cognizant.tests.testScenario6.TC64_FetchCruiseDetails"/>
</testsuite> <!-- com.cognizant.tests.testScenario6.TC64_FetchCruiseDetails -->
