<?xml version="1.0" encoding="UTF-8"?>
<!-- Generated by org.testng.reporters.JUnitReportReporter -->
<testsuite skipped="0" hostname="New-PC" name="com.cognizant.tests.testScenario3.TC31_CheckGuestButton" tests="1" failures="0" timestamp="2020-06-23T22:53:37 IST" time="40.642" errors="0">
  <testcase name="fetchHolidayHomes" time="40.642" classname="com.cognizant.tests.testScenario3.TC31_CheckGuestButton"/>
</testsuite> <!-- com.cognizant.tests.testScenario3.TC31_CheckGuestButton -->
