<?xml version="1.0" encoding="UTF-8"?>
<!-- Generated by org.testng.reporters.JUnitReportReporter -->
<testsuite skipped="0" hostname="New-PC" name="com.cognizant.tests.testScenario3.TC32_GuestCountVerification" tests="1" failures="0" timestamp="2020-06-19T21:41:04 IST" time="46.345" errors="0">
  <testcase name="fetchHolidayHomes" time="46.345" classname="com.cognizant.tests.testScenario3.TC32_GuestCountVerification"/>
</testsuite> <!-- com.cognizant.tests.testScenario3.TC32_GuestCountVerification -->
